[37m2023-06-06T16:23:24.849+0530[0;39m [34mINFO [0;39m [[36mtraceId: [0;39m] [[36msourceIp: [0;39m] [[36muserId: [0;39m] [[32mmain[0;39m] [33mo.s.b.t.c.SpringBootTestContextBootstrapper[0;39m::[35m?[0;39m: - Neither @ContextConfiguration nor @ContextHierarchy found for test class [com.lcwd.electronic.store.ElectronicStoreApplicationTests], using SpringBootContextLoader
[37m2023-06-06T16:23:24.920+0530[0;39m [34mINFO [0;39m [[36mtraceId: [0;39m] [[36msourceIp: [0;39m] [[36muserId: [0;39m] [[32mmain[0;39m] [33mo.s.t.c.s.AbstractContextLoader[0;39m::[35m?[0;39m: - Could not detect default resource locations for test class [com.lcwd.electronic.store.ElectronicStoreApplicationTests]: no resource found for suffixes {-context.xml, Context.groovy}.
[37m2023-06-06T16:23:24.927+0530[0;39m [34mINFO [0;39m [[36mtraceId: [0;39m] [[36msourceIp: [0;39m] [[36muserId: [0;39m] [[32mmain[0;39m] [33mo.s.t.c.s.AnnotationConfigContextLoaderUtils[0;39m::[35m?[0;39m: - Could not detect default configuration classes for test class [com.lcwd.electronic.store.ElectronicStoreApplicationTests]: ElectronicStoreApplicationTests does not declare any static, non-private, non-final, nested classes annotated with @Configuration.
[37m2023-06-06T16:23:25.269+0530[0;39m [34mINFO [0;39m [[36mtraceId: [0;39m] [[36msourceIp: [0;39m] [[36muserId: [0;39m] [[32mmain[0;39m] [33mo.s.b.t.c.SpringBootTestContextBootstrapper[0;39m::[35m?[0;39m: - Found @SpringBootConfiguration com.lcwd.electronic.store.ElectronicStoreApplication for test class com.lcwd.electronic.store.ElectronicStoreApplicationTests
[37m2023-06-06T16:23:25.624+0530[0;39m [34mINFO [0;39m [[36mtraceId: [0;39m] [[36msourceIp: [0;39m] [[36muserId: [0;39m] [[32mmain[0;39m] [33mo.s.b.t.c.SpringBootTestContextBootstrapper[0;39m::[35m?[0;39m: - Loaded default TestExecutionListener class names from location [META-INF/spring.factories]: [org.springframework.boot.test.mock.mockito.MockitoTestExecutionListener, org.springframework.boot.test.mock.mockito.ResetMocksTestExecutionListener, org.springframework.boot.test.autoconfigure.restdocs.RestDocsTestExecutionListener, org.springframework.boot.test.autoconfigure.web.client.MockRestServiceServerResetTestExecutionListener, org.springframework.boot.test.autoconfigure.web.servlet.MockMvcPrintOnlyOnFailureTestExecutionListener, org.springframework.boot.test.autoconfigure.web.servlet.WebDriverTestExecutionListener, org.springframework.boot.test.autoconfigure.webservices.client.MockWebServiceServerTestExecutionListener, org.springframework.test.context.web.ServletTestExecutionListener, org.springframework.test.context.support.DirtiesContextBeforeModesTestExecutionListener, org.springframework.test.context.event.ApplicationEventsTestExecutionListener, org.springframework.test.context.support.DependencyInjectionTestExecutionListener, org.springframework.test.context.support.DirtiesContextTestExecutionListener, org.springframework.test.context.transaction.TransactionalTestExecutionListener, org.springframework.test.context.jdbc.SqlScriptsTestExecutionListener, org.springframework.test.context.event.EventPublishingTestExecutionListener]
[37m2023-06-06T16:23:25.688+0530[0;39m [34mINFO [0;39m [[36mtraceId: [0;39m] [[36msourceIp: [0;39m] [[36muserId: [0;39m] [[32mmain[0;39m] [33mo.s.b.t.c.SpringBootTestContextBootstrapper[0;39m::[35m?[0;39m: - Using TestExecutionListeners: [org.springframework.test.context.web.ServletTestExecutionListener@3bd418e4, org.springframework.test.context.support.DirtiesContextBeforeModesTestExecutionListener@544820b7, org.springframework.test.context.event.ApplicationEventsTestExecutionListener@6b98a075, org.springframework.boot.test.mock.mockito.MockitoTestExecutionListener@2e61d218, org.springframework.boot.test.autoconfigure.SpringBootDependencyInjectionTestExecutionListener@3569fc08, org.springframework.test.context.support.DirtiesContextTestExecutionListener@20b12f8a, org.springframework.test.context.transaction.TransactionalTestExecutionListener@e84a8e1, org.springframework.test.context.jdbc.SqlScriptsTestExecutionListener@2e554a3b, org.springframework.test.context.event.EventPublishingTestExecutionListener@54a67a45, org.springframework.boot.test.mock.mockito.ResetMocksTestExecutionListener@7d42c224, org.springframework.boot.test.autoconfigure.restdocs.RestDocsTestExecutionListener@56aaaecd, org.springframework.boot.test.autoconfigure.web.client.MockRestServiceServerResetTestExecutionListener@522a32b1, org.springframework.boot.test.autoconfigure.web.servlet.MockMvcPrintOnlyOnFailureTestExecutionListener@35390ee3, org.springframework.boot.test.autoconfigure.web.servlet.WebDriverTestExecutionListener@5e01a982, org.springframework.boot.test.autoconfigure.webservices.client.MockWebServiceServerTestExecutionListener@5ddea849]
[37m2023-06-06T16:23:26.673+0530[0;39m [34mINFO [0;39m [[36mtraceId: [0;39m] [[36msourceIp: [0;39m] [[36muserId: [0;39m] [[32mmain[0;39m] [33mc.l.e.s.ElectronicStoreApplicationTests[0;39m::[35m?[0;39m: - Starting ElectronicStoreApplicationTests using Java 17.0.4.1 on DESKTOP-D5MHSC4 with PID 16300 (started by Sony in F:\IntelliJ_IDEA\ElectronicStore)
[37m2023-06-06T16:23:26.674+0530[0;39m [39mDEBUG[0;39m [[36mtraceId: [0;39m] [[36msourceIp: [0;39m] [[36muserId: [0;39m] [[32mmain[0;39m] [33mc.l.e.s.ElectronicStoreApplicationTests[0;39m::[35m?[0;39m: - Running with Spring Boot v2.7.12, Spring v5.3.27
[37m2023-06-06T16:23:26.675+0530[0;39m [34mINFO [0;39m [[36mtraceId: [0;39m] [[36msourceIp: [0;39m] [[36muserId: [0;39m] [[32mmain[0;39m] [33mc.l.e.s.ElectronicStoreApplicationTests[0;39m::[35m?[0;39m: - No active profile set, falling back to 1 default profile: "default"
[37m2023-06-06T16:23:26.712+0530[0;39m [34mINFO [0;39m [[36mtraceId: [0;39m] [[36msourceIp: [0;39m] [[36muserId: [0;39m] [[32mbackground-preinit[0;39m] [33mo.h.v.i.util.Version[0;39m::[35m?[0;39m: - HV000001: Hibernate Validator 6.2.5.Final
[37m2023-06-06T16:23:29.150+0530[0;39m [34mINFO [0;39m [[36mtraceId: [0;39m] [[36msourceIp: [0;39m] [[36muserId: [0;39m] [[32mmain[0;39m] [33mo.s.d.r.c.RepositoryConfigurationDelegate[0;39m::[35m?[0;39m: - Bootstrapping Spring Data JPA repositories in DEFAULT mode.
[37m2023-06-06T16:23:29.328+0530[0;39m [34mINFO [0;39m [[36mtraceId: [0;39m] [[36msourceIp: [0;39m] [[36muserId: [0;39m] [[32mmain[0;39m] [33mo.s.d.r.c.RepositoryConfigurationDelegate[0;39m::[35m?[0;39m: - Finished Spring Data repository scanning in 151 ms. Found 1 JPA repository interfaces.
[37m2023-06-06T16:23:30.779+0530[0;39m [39mDEBUG[0;39m [[36mtraceId: [0;39m] [[36msourceIp: [0;39m] [[36muserId: [0;39m] [[32mmain[0;39m] [33mc.z.h.HikariConfig[0;39m::[35m?[0;39m: - Driver class com.mysql.cj.jdbc.Driver found in Thread context class loader jdk.internal.loader.ClassLoaders$AppClassLoader@73d16e93
[37m2023-06-06T16:23:31.347+0530[0;39m [34mINFO [0;39m [[36mtraceId: [0;39m] [[36msourceIp: [0;39m] [[36muserId: [0;39m] [[32mmain[0;39m] [33mo.h.j.i.u.LogHelper[0;39m::[35m?[0;39m: - HHH000204: Processing PersistenceUnitInfo [name: default]
[37m2023-06-06T16:23:31.595+0530[0;39m [34mINFO [0;39m [[36mtraceId: [0;39m] [[36msourceIp: [0;39m] [[36muserId: [0;39m] [[32mmain[0;39m] [33mo.hibernate.Version[0;39m::[35m?[0;39m: - HHH000412: Hibernate ORM core version 5.6.15.Final
[37m2023-06-06T16:23:32.743+0530[0;39m [34mINFO [0;39m [[36mtraceId: [0;39m] [[36msourceIp: [0;39m] [[36muserId: [0;39m] [[32mmain[0;39m] [33mo.h.a.common.Version[0;39m::[35m?[0;39m: - HCANN000001: Hibernate Commons Annotations {5.1.2.Final}
[37m2023-06-06T16:23:33.349+0530[0;39m [39mDEBUG[0;39m [[36mtraceId: [0;39m] [[36msourceIp: [0;39m] [[36muserId: [0;39m] [[32mmain[0;39m] [33mc.z.h.HikariConfig[0;39m::[35m?[0;39m: - HikariPool-1 - configuration:
[37m2023-06-06T16:23:33.358+0530[0;39m [39mDEBUG[0;39m [[36mtraceId: [0;39m] [[36msourceIp: [0;39m] [[36muserId: [0;39m] [[32mmain[0;39m] [33mc.z.h.HikariConfig[0;39m::[35m?[0;39m: - allowPoolSuspension................................false
[37m2023-06-06T16:23:33.362+0530[0;39m [39mDEBUG[0;39m [[36mtraceId: [0;39m] [[36msourceIp: [0;39m] [[36muserId: [0;39m] [[32mmain[0;39m] [33mc.z.h.HikariConfig[0;39m::[35m?[0;39m: - autoCommit................................true
[37m2023-06-06T16:23:33.384+0530[0;39m [39mDEBUG[0;39m [[36mtraceId: [0;39m] [[36msourceIp: [0;39m] [[36muserId: [0;39m] [[32mmain[0;39m] [33mc.z.h.HikariConfig[0;39m::[35m?[0;39m: - catalog................................none
[37m2023-06-06T16:23:33.384+0530[0;39m [39mDEBUG[0;39m [[36mtraceId: [0;39m] [[36msourceIp: [0;39m] [[36muserId: [0;39m] [[32mmain[0;39m] [33mc.z.h.HikariConfig[0;39m::[35m?[0;39m: - connectionInitSql................................none
[37m2023-06-06T16:23:33.385+0530[0;39m [39mDEBUG[0;39m [[36mtraceId: [0;39m] [[36msourceIp: [0;39m] [[36muserId: [0;39m] [[32mmain[0;39m] [33mc.z.h.HikariConfig[0;39m::[35m?[0;39m: - connectionTestQuery................................none
[37m2023-06-06T16:23:33.385+0530[0;39m [39mDEBUG[0;39m [[36mtraceId: [0;39m] [[36msourceIp: [0;39m] [[36muserId: [0;39m] [[32mmain[0;39m] [33mc.z.h.HikariConfig[0;39m::[35m?[0;39m: - connectionTimeout................................30000
[37m2023-06-06T16:23:33.386+0530[0;39m [39mDEBUG[0;39m [[36mtraceId: [0;39m] [[36msourceIp: [0;39m] [[36muserId: [0;39m] [[32mmain[0;39m] [33mc.z.h.HikariConfig[0;39m::[35m?[0;39m: - dataSource................................none
[37m2023-06-06T16:23:33.386+0530[0;39m [39mDEBUG[0;39m [[36mtraceId: [0;39m] [[36msourceIp: [0;39m] [[36muserId: [0;39m] [[32mmain[0;39m] [33mc.z.h.HikariConfig[0;39m::[35m?[0;39m: - dataSourceClassName................................none
[37m2023-06-06T16:23:33.386+0530[0;39m [39mDEBUG[0;39m [[36mtraceId: [0;39m] [[36msourceIp: [0;39m] [[36muserId: [0;39m] [[32mmain[0;39m] [33mc.z.h.HikariConfig[0;39m::[35m?[0;39m: - dataSourceJNDI................................none
[37m2023-06-06T16:23:33.395+0530[0;39m [39mDEBUG[0;39m [[36mtraceId: [0;39m] [[36msourceIp: [0;39m] [[36muserId: [0;39m] [[32mmain[0;39m] [33mc.z.h.HikariConfig[0;39m::[35m?[0;39m: - dataSourceProperties................................{password=<masked>}
[37m2023-06-06T16:23:33.395+0530[0;39m [39mDEBUG[0;39m [[36mtraceId: [0;39m] [[36msourceIp: [0;39m] [[36muserId: [0;39m] [[32mmain[0;39m] [33mc.z.h.HikariConfig[0;39m::[35m?[0;39m: - driverClassName................................"com.mysql.cj.jdbc.Driver"
[37m2023-06-06T16:23:33.396+0530[0;39m [39mDEBUG[0;39m [[36mtraceId: [0;39m] [[36msourceIp: [0;39m] [[36muserId: [0;39m] [[32mmain[0;39m] [33mc.z.h.HikariConfig[0;39m::[35m?[0;39m: - exceptionOverrideClassName................................none
[37m2023-06-06T16:23:33.396+0530[0;39m [39mDEBUG[0;39m [[36mtraceId: [0;39m] [[36msourceIp: [0;39m] [[36muserId: [0;39m] [[32mmain[0;39m] [33mc.z.h.HikariConfig[0;39m::[35m?[0;39m: - healthCheckProperties................................{}
[37m2023-06-06T16:23:33.396+0530[0;39m [39mDEBUG[0;39m [[36mtraceId: [0;39m] [[36msourceIp: [0;39m] [[36muserId: [0;39m] [[32mmain[0;39m] [33mc.z.h.HikariConfig[0;39m::[35m?[0;39m: - healthCheckRegistry................................none
[37m2023-06-06T16:23:33.396+0530[0;39m [39mDEBUG[0;39m [[36mtraceId: [0;39m] [[36msourceIp: [0;39m] [[36muserId: [0;39m] [[32mmain[0;39m] [33mc.z.h.HikariConfig[0;39m::[35m?[0;39m: - idleTimeout................................600000
[37m2023-06-06T16:23:33.396+0530[0;39m [39mDEBUG[0;39m [[36mtraceId: [0;39m] [[36msourceIp: [0;39m] [[36muserId: [0;39m] [[32mmain[0;39m] [33mc.z.h.HikariConfig[0;39m::[35m?[0;39m: - initializationFailTimeout................................1
[37m2023-06-06T16:23:33.397+0530[0;39m [39mDEBUG[0;39m [[36mtraceId: [0;39m] [[36msourceIp: [0;39m] [[36muserId: [0;39m] [[32mmain[0;39m] [33mc.z.h.HikariConfig[0;39m::[35m?[0;39m: - isolateInternalQueries................................false
[37m2023-06-06T16:23:33.399+0530[0;39m [39mDEBUG[0;39m [[36mtraceId: [0;39m] [[36msourceIp: [0;39m] [[36muserId: [0;39m] [[32mmain[0;39m] [33mc.z.h.HikariConfig[0;39m::[35m?[0;39m: - jdbcUrl................................jdbc:mysql://localhost:3306/electronic_store
[37m2023-06-06T16:23:33.402+0530[0;39m [39mDEBUG[0;39m [[36mtraceId: [0;39m] [[36msourceIp: [0;39m] [[36muserId: [0;39m] [[32mmain[0;39m] [33mc.z.h.HikariConfig[0;39m::[35m?[0;39m: - keepaliveTime................................0
[37m2023-06-06T16:23:33.422+0530[0;39m [39mDEBUG[0;39m [[36mtraceId: [0;39m] [[36msourceIp: [0;39m] [[36muserId: [0;39m] [[32mmain[0;39m] [33mc.z.h.HikariConfig[0;39m::[35m?[0;39m: - leakDetectionThreshold................................0
[37m2023-06-06T16:23:33.422+0530[0;39m [39mDEBUG[0;39m [[36mtraceId: [0;39m] [[36msourceIp: [0;39m] [[36muserId: [0;39m] [[32mmain[0;39m] [33mc.z.h.HikariConfig[0;39m::[35m?[0;39m: - maxLifetime................................1800000
[37m2023-06-06T16:23:33.424+0530[0;39m [39mDEBUG[0;39m [[36mtraceId: [0;39m] [[36msourceIp: [0;39m] [[36muserId: [0;39m] [[32mmain[0;39m] [33mc.z.h.HikariConfig[0;39m::[35m?[0;39m: - maximumPoolSize................................10
[37m2023-06-06T16:23:33.425+0530[0;39m [39mDEBUG[0;39m [[36mtraceId: [0;39m] [[36msourceIp: [0;39m] [[36muserId: [0;39m] [[32mmain[0;39m] [33mc.z.h.HikariConfig[0;39m::[35m?[0;39m: - metricRegistry................................none
[37m2023-06-06T16:23:33.425+0530[0;39m [39mDEBUG[0;39m [[36mtraceId: [0;39m] [[36msourceIp: [0;39m] [[36muserId: [0;39m] [[32mmain[0;39m] [33mc.z.h.HikariConfig[0;39m::[35m?[0;39m: - metricsTrackerFactory................................none
[37m2023-06-06T16:23:33.425+0530[0;39m [39mDEBUG[0;39m [[36mtraceId: [0;39m] [[36msourceIp: [0;39m] [[36muserId: [0;39m] [[32mmain[0;39m] [33mc.z.h.HikariConfig[0;39m::[35m?[0;39m: - minimumIdle................................10
[37m2023-06-06T16:23:33.425+0530[0;39m [39mDEBUG[0;39m [[36mtraceId: [0;39m] [[36msourceIp: [0;39m] [[36muserId: [0;39m] [[32mmain[0;39m] [33mc.z.h.HikariConfig[0;39m::[35m?[0;39m: - password................................<masked>
[37m2023-06-06T16:23:33.425+0530[0;39m [39mDEBUG[0;39m [[36mtraceId: [0;39m] [[36msourceIp: [0;39m] [[36muserId: [0;39m] [[32mmain[0;39m] [33mc.z.h.HikariConfig[0;39m::[35m?[0;39m: - poolName................................"HikariPool-1"
[37m2023-06-06T16:23:33.426+0530[0;39m [39mDEBUG[0;39m [[36mtraceId: [0;39m] [[36msourceIp: [0;39m] [[36muserId: [0;39m] [[32mmain[0;39m] [33mc.z.h.HikariConfig[0;39m::[35m?[0;39m: - readOnly................................false
[37m2023-06-06T16:23:33.430+0530[0;39m [39mDEBUG[0;39m [[36mtraceId: [0;39m] [[36msourceIp: [0;39m] [[36muserId: [0;39m] [[32mmain[0;39m] [33mc.z.h.HikariConfig[0;39m::[35m?[0;39m: - registerMbeans................................false
[37m2023-06-06T16:23:33.430+0530[0;39m [39mDEBUG[0;39m [[36mtraceId: [0;39m] [[36msourceIp: [0;39m] [[36muserId: [0;39m] [[32mmain[0;39m] [33mc.z.h.HikariConfig[0;39m::[35m?[0;39m: - scheduledExecutor................................none
[37m2023-06-06T16:23:33.435+0530[0;39m [39mDEBUG[0;39m [[36mtraceId: [0;39m] [[36msourceIp: [0;39m] [[36muserId: [0;39m] [[32mmain[0;39m] [33mc.z.h.HikariConfig[0;39m::[35m?[0;39m: - schema................................none
[37m2023-06-06T16:23:33.436+0530[0;39m [39mDEBUG[0;39m [[36mtraceId: [0;39m] [[36msourceIp: [0;39m] [[36muserId: [0;39m] [[32mmain[0;39m] [33mc.z.h.HikariConfig[0;39m::[35m?[0;39m: - threadFactory................................internal
[37m2023-06-06T16:23:33.436+0530[0;39m [39mDEBUG[0;39m [[36mtraceId: [0;39m] [[36msourceIp: [0;39m] [[36muserId: [0;39m] [[32mmain[0;39m] [33mc.z.h.HikariConfig[0;39m::[35m?[0;39m: - transactionIsolation................................default
[37m2023-06-06T16:23:33.444+0530[0;39m [39mDEBUG[0;39m [[36mtraceId: [0;39m] [[36msourceIp: [0;39m] [[36muserId: [0;39m] [[32mmain[0;39m] [33mc.z.h.HikariConfig[0;39m::[35m?[0;39m: - username................................"root"
[37m2023-06-06T16:23:33.444+0530[0;39m [39mDEBUG[0;39m [[36mtraceId: [0;39m] [[36msourceIp: [0;39m] [[36muserId: [0;39m] [[32mmain[0;39m] [33mc.z.h.HikariConfig[0;39m::[35m?[0;39m: - validationTimeout................................5000
[37m2023-06-06T16:23:33.444+0530[0;39m [34mINFO [0;39m [[36mtraceId: [0;39m] [[36msourceIp: [0;39m] [[36muserId: [0;39m] [[32mmain[0;39m] [33mc.z.h.HikariDataSource[0;39m::[35m?[0;39m: - HikariPool-1 - Starting...
[37m2023-06-06T16:23:34.840+0530[0;39m [39mDEBUG[0;39m [[36mtraceId: [0;39m] [[36msourceIp: [0;39m] [[36muserId: [0;39m] [[32mmain[0;39m] [33mc.z.h.p.HikariPool[0;39m::[35m?[0;39m: - HikariPool-1 - Added connection com.mysql.cj.jdbc.ConnectionImpl@2ccc9681
[37m2023-06-06T16:23:34.843+0530[0;39m [34mINFO [0;39m [[36mtraceId: [0;39m] [[36msourceIp: [0;39m] [[36muserId: [0;39m] [[32mmain[0;39m] [33mc.z.h.HikariDataSource[0;39m::[35m?[0;39m: - HikariPool-1 - Start completed.
[37m2023-06-06T16:23:34.903+0530[0;39m [34mINFO [0;39m [[36mtraceId: [0;39m] [[36msourceIp: [0;39m] [[36muserId: [0;39m] [[32mmain[0;39m] [33mo.h.dialect.Dialect[0;39m::[35m?[0;39m: - HHH000400: Using dialect: org.hibernate.dialect.MySQL8Dialect
[37m2023-06-06T16:23:34.957+0530[0;39m [39mDEBUG[0;39m [[36mtraceId: [0;39m] [[36msourceIp: [0;39m] [[36muserId: [0;39m] [[32mHikariPool-1 housekeeper[0;39m] [33mc.z.h.p.HikariPool[0;39m::[35m?[0;39m: - HikariPool-1 - Pool stats (total=1, active=1, idle=0, waiting=0)
[37m2023-06-06T16:23:35.190+0530[0;39m [39mDEBUG[0;39m [[36mtraceId: [0;39m] [[36msourceIp: [0;39m] [[36muserId: [0;39m] [[32mHikariPool-1 connection adder[0;39m] [33mc.z.h.p.HikariPool[0;39m::[35m?[0;39m: - HikariPool-1 - Added connection com.mysql.cj.jdbc.ConnectionImpl@3ee2b2b1
[37m2023-06-06T16:23:35.272+0530[0;39m [39mDEBUG[0;39m [[36mtraceId: [0;39m] [[36msourceIp: [0;39m] [[36muserId: [0;39m] [[32mHikariPool-1 connection adder[0;39m] [33mc.z.h.p.HikariPool[0;39m::[35m?[0;39m: - HikariPool-1 - Added connection com.mysql.cj.jdbc.ConnectionImpl@5ecd4dfe
[37m2023-06-06T16:23:35.338+0530[0;39m [39mDEBUG[0;39m [[36mtraceId: [0;39m] [[36msourceIp: [0;39m] [[36muserId: [0;39m] [[32mHikariPool-1 connection adder[0;39m] [33mc.z.h.p.HikariPool[0;39m::[35m?[0;39m: - HikariPool-1 - Added connection com.mysql.cj.jdbc.ConnectionImpl@138fa683
[37m2023-06-06T16:23:35.417+0530[0;39m [39mDEBUG[0;39m [[36mtraceId: [0;39m] [[36msourceIp: [0;39m] [[36muserId: [0;39m] [[32mHikariPool-1 connection adder[0;39m] [33mc.z.h.p.HikariPool[0;39m::[35m?[0;39m: - HikariPool-1 - Added connection com.mysql.cj.jdbc.ConnectionImpl@5a83f782
[37m2023-06-06T16:23:35.547+0530[0;39m [39mDEBUG[0;39m [[36mtraceId: [0;39m] [[36msourceIp: [0;39m] [[36muserId: [0;39m] [[32mHikariPool-1 connection adder[0;39m] [33mc.z.h.p.HikariPool[0;39m::[35m?[0;39m: - HikariPool-1 - Added connection com.mysql.cj.jdbc.ConnectionImpl@5287c236
[37m2023-06-06T16:23:35.644+0530[0;39m [39mDEBUG[0;39m [[36mtraceId: [0;39m] [[36msourceIp: [0;39m] [[36muserId: [0;39m] [[32mHikariPool-1 connection adder[0;39m] [33mc.z.h.p.HikariPool[0;39m::[35m?[0;39m: - HikariPool-1 - Added connection com.mysql.cj.jdbc.ConnectionImpl@56814202
[37m2023-06-06T16:23:35.761+0530[0;39m [39mDEBUG[0;39m [[36mtraceId: [0;39m] [[36msourceIp: [0;39m] [[36muserId: [0;39m] [[32mHikariPool-1 connection adder[0;39m] [33mc.z.h.p.HikariPool[0;39m::[35m?[0;39m: - HikariPool-1 - Added connection com.mysql.cj.jdbc.ConnectionImpl@1007adc0
[37m2023-06-06T16:23:35.827+0530[0;39m [39mDEBUG[0;39m [[36mtraceId: [0;39m] [[36msourceIp: [0;39m] [[36muserId: [0;39m] [[32mHikariPool-1 connection adder[0;39m] [33mc.z.h.p.HikariPool[0;39m::[35m?[0;39m: - HikariPool-1 - Added connection com.mysql.cj.jdbc.ConnectionImpl@33e142e
[37m2023-06-06T16:23:35.935+0530[0;39m [39mDEBUG[0;39m [[36mtraceId: [0;39m] [[36msourceIp: [0;39m] [[36muserId: [0;39m] [[32mHikariPool-1 connection adder[0;39m] [33mc.z.h.p.HikariPool[0;39m::[35m?[0;39m: - HikariPool-1 - Added connection com.mysql.cj.jdbc.ConnectionImpl@3821910d
[37m2023-06-06T16:23:35.935+0530[0;39m [39mDEBUG[0;39m [[36mtraceId: [0;39m] [[36msourceIp: [0;39m] [[36muserId: [0;39m] [[32mHikariPool-1 connection adder[0;39m] [33mc.z.h.p.HikariPool[0;39m::[35m?[0;39m: - HikariPool-1 - After adding stats (total=10, active=0, idle=10, waiting=0)
[37m2023-06-06T16:23:37.800+0530[0;39m [34mINFO [0;39m [[36mtraceId: [0;39m] [[36msourceIp: [0;39m] [[36muserId: [0;39m] [[32mmain[0;39m] [33mo.h.e.t.j.p.i.JtaPlatformInitiator[0;39m::[35m?[0;39m: - HHH000490: Using JtaPlatform implementation: [org.hibernate.engine.transaction.jta.platform.internal.NoJtaPlatform]
[37m2023-06-06T16:23:37.823+0530[0;39m [34mINFO [0;39m [[36mtraceId: [0;39m] [[36msourceIp: [0;39m] [[36muserId: [0;39m] [[32mmain[0;39m] [33mo.s.o.j.LocalContainerEntityManagerFactoryBean[0;39m::[35m?[0;39m: - Initialized JPA EntityManagerFactory for persistence unit 'default'
[37m2023-06-06T16:23:40.018+0530[0;39m [31mWARN [0;39m [[36mtraceId: [0;39m] [[36msourceIp: [0;39m] [[36muserId: [0;39m] [[32mmain[0;39m] [33mo.s.b.a.o.j.JpaBaseConfiguration$JpaWebConfiguration[0;39m::[35m?[0;39m: - spring.jpa.open-in-view is enabled by default. Therefore, database queries may be performed during view rendering. Explicitly configure spring.jpa.open-in-view to disable this warning
[37m2023-06-06T16:23:42.277+0530[0;39m [34mINFO [0;39m [[36mtraceId: [0;39m] [[36msourceIp: [0;39m] [[36muserId: [0;39m] [[32mmain[0;39m] [33mc.l.e.s.ElectronicStoreApplicationTests[0;39m::[35m?[0;39m: - Started ElectronicStoreApplicationTests in 16.427 seconds (JVM running for 19.918)
[37m2023-06-06T16:23:43.153+0530[0;39m [34mINFO [0;39m [[36mtraceId: [0;39m] [[36msourceIp: [0;39m] [[36muserId: [0;39m] [[32mSpringApplicationShutdownHook[0;39m] [33mo.s.o.j.LocalContainerEntityManagerFactoryBean[0;39m::[35m?[0;39m: - Closing JPA EntityManagerFactory for persistence unit 'default'
[37m2023-06-06T16:23:43.161+0530[0;39m [34mINFO [0;39m [[36mtraceId: [0;39m] [[36msourceIp: [0;39m] [[36muserId: [0;39m] [[32mSpringApplicationShutdownHook[0;39m] [33mc.z.h.HikariDataSource[0;39m::[35m?[0;39m: - HikariPool-1 - Shutdown initiated...
[37m2023-06-06T16:23:43.161+0530[0;39m [39mDEBUG[0;39m [[36mtraceId: [0;39m] [[36msourceIp: [0;39m] [[36muserId: [0;39m] [[32mSpringApplicationShutdownHook[0;39m] [33mc.z.h.p.HikariPool[0;39m::[35m?[0;39m: - HikariPool-1 - Before shutdown stats (total=10, active=0, idle=10, waiting=0)
[37m2023-06-06T16:23:43.167+0530[0;39m [39mDEBUG[0;39m [[36mtraceId: [0;39m] [[36msourceIp: [0;39m] [[36muserId: [0;39m] [[32mHikariPool-1 connection closer[0;39m] [33mc.z.h.pool.PoolBase[0;39m::[35m?[0;39m: - HikariPool-1 - Closing connection com.mysql.cj.jdbc.ConnectionImpl@2ccc9681: (connection evicted)
[37m2023-06-06T16:23:43.176+0530[0;39m [39mDEBUG[0;39m [[36mtraceId: [0;39m] [[36msourceIp: [0;39m] [[36muserId: [0;39m] [[32mHikariPool-1 connection closer[0;39m] [33mc.z.h.pool.PoolBase[0;39m::[35m?[0;39m: - HikariPool-1 - Closing connection com.mysql.cj.jdbc.ConnectionImpl@3ee2b2b1: (connection evicted)
[37m2023-06-06T16:23:43.179+0530[0;39m [39mDEBUG[0;39m [[36mtraceId: [0;39m] [[36msourceIp: [0;39m] [[36muserId: [0;39m] [[32mHikariPool-1 connection closer[0;39m] [33mc.z.h.pool.PoolBase[0;39m::[35m?[0;39m: - HikariPool-1 - Closing connection com.mysql.cj.jdbc.ConnectionImpl@5ecd4dfe: (connection evicted)
[37m2023-06-06T16:23:43.183+0530[0;39m [39mDEBUG[0;39m [[36mtraceId: [0;39m] [[36msourceIp: [0;39m] [[36muserId: [0;39m] [[32mHikariPool-1 connection closer[0;39m] [33mc.z.h.pool.PoolBase[0;39m::[35m?[0;39m: - HikariPool-1 - Closing connection com.mysql.cj.jdbc.ConnectionImpl@138fa683: (connection evicted)
[37m2023-06-06T16:23:43.186+0530[0;39m [39mDEBUG[0;39m [[36mtraceId: [0;39m] [[36msourceIp: [0;39m] [[36muserId: [0;39m] [[32mHikariPool-1 connection closer[0;39m] [33mc.z.h.pool.PoolBase[0;39m::[35m?[0;39m: - HikariPool-1 - Closing connection com.mysql.cj.jdbc.ConnectionImpl@5a83f782: (connection evicted)
[37m2023-06-06T16:23:43.189+0530[0;39m [39mDEBUG[0;39m [[36mtraceId: [0;39m] [[36msourceIp: [0;39m] [[36muserId: [0;39m] [[32mHikariPool-1 connection closer[0;39m] [33mc.z.h.pool.PoolBase[0;39m::[35m?[0;39m: - HikariPool-1 - Closing connection com.mysql.cj.jdbc.ConnectionImpl@5287c236: (connection evicted)
[37m2023-06-06T16:23:43.192+0530[0;39m [39mDEBUG[0;39m [[36mtraceId: [0;39m] [[36msourceIp: [0;39m] [[36muserId: [0;39m] [[32mHikariPool-1 connection closer[0;39m] [33mc.z.h.pool.PoolBase[0;39m::[35m?[0;39m: - HikariPool-1 - Closing connection com.mysql.cj.jdbc.ConnectionImpl@56814202: (connection evicted)
[37m2023-06-06T16:23:43.194+0530[0;39m [39mDEBUG[0;39m [[36mtraceId: [0;39m] [[36msourceIp: [0;39m] [[36muserId: [0;39m] [[32mHikariPool-1 connection closer[0;39m] [33mc.z.h.pool.PoolBase[0;39m::[35m?[0;39m: - HikariPool-1 - Closing connection com.mysql.cj.jdbc.ConnectionImpl@1007adc0: (connection evicted)
[37m2023-06-06T16:23:43.196+0530[0;39m [39mDEBUG[0;39m [[36mtraceId: [0;39m] [[36msourceIp: [0;39m] [[36muserId: [0;39m] [[32mHikariPool-1 connection closer[0;39m] [33mc.z.h.pool.PoolBase[0;39m::[35m?[0;39m: - HikariPool-1 - Closing connection com.mysql.cj.jdbc.ConnectionImpl@33e142e: (connection evicted)
[37m2023-06-06T16:23:43.199+0530[0;39m [39mDEBUG[0;39m [[36mtraceId: [0;39m] [[36msourceIp: [0;39m] [[36muserId: [0;39m] [[32mHikariPool-1 connection closer[0;39m] [33mc.z.h.pool.PoolBase[0;39m::[35m?[0;39m: - HikariPool-1 - Closing connection com.mysql.cj.jdbc.ConnectionImpl@3821910d: (connection evicted)
[37m2023-06-06T16:23:43.204+0530[0;39m [39mDEBUG[0;39m [[36mtraceId: [0;39m] [[36msourceIp: [0;39m] [[36muserId: [0;39m] [[32mSpringApplicationShutdownHook[0;39m] [33mc.z.h.p.HikariPool[0;39m::[35m?[0;39m: - HikariPool-1 - After shutdown stats (total=0, active=0, idle=0, waiting=0)
[37m2023-06-06T16:23:43.204+0530[0;39m [34mINFO [0;39m [[36mtraceId: [0;39m] [[36msourceIp: [0;39m] [[36muserId: [0;39m] [[32mSpringApplicationShutdownHook[0;39m] [33mc.z.h.HikariDataSource[0;39m::[35m?[0;39m: - HikariPool-1 - Shutdown completed.
[37m2023-06-06T16:24:59.977+0530[0;39m [34mINFO [0;39m [[36mtraceId: [0;39m] [[36msourceIp: [0;39m] [[36muserId: [0;39m] [[32mbackground-preinit[0;39m] [33mo.h.v.i.util.Version[0;39m::[35m?[0;39m: - HV000001: Hibernate Validator 6.2.5.Final
[37m2023-06-06T16:25:00.009+0530[0;39m [34mINFO [0;39m [[36mtraceId: [0;39m] [[36msourceIp: [0;39m] [[36muserId: [0;39m] [[32mmain[0;39m] [33mc.l.e.s.ElectronicStoreApplication[0;39m::[35m?[0;39m: - Starting ElectronicStoreApplication using Java 17.0.4.1 on DESKTOP-D5MHSC4 with PID 9996 (F:\IntelliJ_IDEA\ElectronicStore\target\classes started by Sony in F:\IntelliJ_IDEA\ElectronicStore)
[37m2023-06-06T16:25:00.010+0530[0;39m [39mDEBUG[0;39m [[36mtraceId: [0;39m] [[36msourceIp: [0;39m] [[36muserId: [0;39m] [[32mmain[0;39m] [33mc.l.e.s.ElectronicStoreApplication[0;39m::[35m?[0;39m: - Running with Spring Boot v2.7.12, Spring v5.3.27
[37m2023-06-06T16:25:00.013+0530[0;39m [34mINFO [0;39m [[36mtraceId: [0;39m] [[36msourceIp: [0;39m] [[36muserId: [0;39m] [[32mmain[0;39m] [33mc.l.e.s.ElectronicStoreApplication[0;39m::[35m?[0;39m: - No active profile set, falling back to 1 default profile: "default"
[37m2023-06-06T16:25:02.547+0530[0;39m [34mINFO [0;39m [[36mtraceId: [0;39m] [[36msourceIp: [0;39m] [[36muserId: [0;39m] [[32mmain[0;39m] [33mo.s.d.r.c.RepositoryConfigurationDelegate[0;39m::[35m?[0;39m: - Bootstrapping Spring Data JPA repositories in DEFAULT mode.
[37m2023-06-06T16:25:02.736+0530[0;39m [34mINFO [0;39m [[36mtraceId: [0;39m] [[36msourceIp: [0;39m] [[36muserId: [0;39m] [[32mmain[0;39m] [33mo.s.d.r.c.RepositoryConfigurationDelegate[0;39m::[35m?[0;39m: - Finished Spring Data repository scanning in 157 ms. Found 1 JPA repository interfaces.
[37m2023-06-06T16:25:04.926+0530[0;39m [34mINFO [0;39m [[36mtraceId: [0;39m] [[36msourceIp: [0;39m] [[36muserId: [0;39m] [[32mmain[0;39m] [33mo.s.b.w.e.t.TomcatWebServer[0;39m::[35m?[0;39m: - Tomcat initialized with port(s): 9696 (http)
[37m2023-06-06T16:25:04.980+0530[0;39m [34mINFO [0;39m [[36mtraceId: [0;39m] [[36msourceIp: [0;39m] [[36muserId: [0;39m] [[32mmain[0;39m] [33mo.a.c.h.Http11NioProtocol[0;39m::[35m?[0;39m: - Initializing ProtocolHandler ["http-nio-9696"]
[37m2023-06-06T16:25:04.982+0530[0;39m [34mINFO [0;39m [[36mtraceId: [0;39m] [[36msourceIp: [0;39m] [[36muserId: [0;39m] [[32mmain[0;39m] [33mo.a.c.c.StandardService[0;39m::[35m?[0;39m: - Starting service [Tomcat]
[37m2023-06-06T16:25:04.983+0530[0;39m [34mINFO [0;39m [[36mtraceId: [0;39m] [[36msourceIp: [0;39m] [[36muserId: [0;39m] [[32mmain[0;39m] [33mo.a.c.c.StandardEngine[0;39m::[35m?[0;39m: - Starting Servlet engine: [Apache Tomcat/9.0.75]
[37m2023-06-06T16:25:05.403+0530[0;39m [34mINFO [0;39m [[36mtraceId: [0;39m] [[36msourceIp: [0;39m] [[36muserId: [0;39m] [[32mmain[0;39m] [33mo.a.c.c.C.[.[.[/][0;39m::[35m?[0;39m: - Initializing Spring embedded WebApplicationContext
[37m2023-06-06T16:25:05.404+0530[0;39m [34mINFO [0;39m [[36mtraceId: [0;39m] [[36msourceIp: [0;39m] [[36muserId: [0;39m] [[32mmain[0;39m] [33mo.s.b.w.s.c.ServletWebServerApplicationContext[0;39m::[35m?[0;39m: - Root WebApplicationContext: initialization completed in 5160 ms
[37m2023-06-06T16:25:05.619+0530[0;39m [39mDEBUG[0;39m [[36mtraceId: [0;39m] [[36msourceIp: [0;39m] [[36muserId: [0;39m] [[32mmain[0;39m] [33mc.z.h.HikariConfig[0;39m::[35m?[0;39m: - Driver class com.mysql.cj.jdbc.Driver found in Thread context class loader jdk.internal.loader.ClassLoaders$AppClassLoader@1d44bcfa
[37m2023-06-06T16:25:05.960+0530[0;39m [34mINFO [0;39m [[36mtraceId: [0;39m] [[36msourceIp: [0;39m] [[36muserId: [0;39m] [[32mmain[0;39m] [33mo.h.j.i.u.LogHelper[0;39m::[35m?[0;39m: - HHH000204: Processing PersistenceUnitInfo [name: default]
[37m2023-06-06T16:25:06.135+0530[0;39m [34mINFO [0;39m [[36mtraceId: [0;39m] [[36msourceIp: [0;39m] [[36muserId: [0;39m] [[32mmain[0;39m] [33mo.hibernate.Version[0;39m::[35m?[0;39m: - HHH000412: Hibernate ORM core version 5.6.15.Final
[37m2023-06-06T16:25:06.741+0530[0;39m [34mINFO [0;39m [[36mtraceId: [0;39m] [[36msourceIp: [0;39m] [[36muserId: [0;39m] [[32mmain[0;39m] [33mo.h.a.common.Version[0;39m::[35m?[0;39m: - HCANN000001: Hibernate Commons Annotations {5.1.2.Final}
[37m2023-06-06T16:25:07.163+0530[0;39m [39mDEBUG[0;39m [[36mtraceId: [0;39m] [[36msourceIp: [0;39m] [[36muserId: [0;39m] [[32mmain[0;39m] [33mc.z.h.HikariConfig[0;39m::[35m?[0;39m: - HikariPool-1 - configuration:
[37m2023-06-06T16:25:07.169+0530[0;39m [39mDEBUG[0;39m [[36mtraceId: [0;39m] [[36msourceIp: [0;39m] [[36muserId: [0;39m] [[32mmain[0;39m] [33mc.z.h.HikariConfig[0;39m::[35m?[0;39m: - allowPoolSuspension................................false
[37m2023-06-06T16:25:07.170+0530[0;39m [39mDEBUG[0;39m [[36mtraceId: [0;39m] [[36msourceIp: [0;39m] [[36muserId: [0;39m] [[32mmain[0;39m] [33mc.z.h.HikariConfig[0;39m::[35m?[0;39m: - autoCommit................................true
[37m2023-06-06T16:25:07.170+0530[0;39m [39mDEBUG[0;39m [[36mtraceId: [0;39m] [[36msourceIp: [0;39m] [[36muserId: [0;39m] [[32mmain[0;39m] [33mc.z.h.HikariConfig[0;39m::[35m?[0;39m: - catalog................................none
[37m2023-06-06T16:25:07.170+0530[0;39m [39mDEBUG[0;39m [[36mtraceId: [0;39m] [[36msourceIp: [0;39m] [[36muserId: [0;39m] [[32mmain[0;39m] [33mc.z.h.HikariConfig[0;39m::[35m?[0;39m: - connectionInitSql................................none
[37m2023-06-06T16:25:07.170+0530[0;39m [39mDEBUG[0;39m [[36mtraceId: [0;39m] [[36msourceIp: [0;39m] [[36muserId: [0;39m] [[32mmain[0;39m] [33mc.z.h.HikariConfig[0;39m::[35m?[0;39m: - connectionTestQuery................................none
[37m2023-06-06T16:25:07.170+0530[0;39m [39mDEBUG[0;39m [[36mtraceId: [0;39m] [[36msourceIp: [0;39m] [[36muserId: [0;39m] [[32mmain[0;39m] [33mc.z.h.HikariConfig[0;39m::[35m?[0;39m: - connectionTimeout................................30000
[37m2023-06-06T16:25:07.171+0530[0;39m [39mDEBUG[0;39m [[36mtraceId: [0;39m] [[36msourceIp: [0;39m] [[36muserId: [0;39m] [[32mmain[0;39m] [33mc.z.h.HikariConfig[0;39m::[35m?[0;39m: - dataSource................................none
[37m2023-06-06T16:25:07.171+0530[0;39m [39mDEBUG[0;39m [[36mtraceId: [0;39m] [[36msourceIp: [0;39m] [[36muserId: [0;39m] [[32mmain[0;39m] [33mc.z.h.HikariConfig[0;39m::[35m?[0;39m: - dataSourceClassName................................none
[37m2023-06-06T16:25:07.171+0530[0;39m [39mDEBUG[0;39m [[36mtraceId: [0;39m] [[36msourceIp: [0;39m] [[36muserId: [0;39m] [[32mmain[0;39m] [33mc.z.h.HikariConfig[0;39m::[35m?[0;39m: - dataSourceJNDI................................none
[37m2023-06-06T16:25:07.173+0530[0;39m [39mDEBUG[0;39m [[36mtraceId: [0;39m] [[36msourceIp: [0;39m] [[36muserId: [0;39m] [[32mmain[0;39m] [33mc.z.h.HikariConfig[0;39m::[35m?[0;39m: - dataSourceProperties................................{password=<masked>}
[37m2023-06-06T16:25:07.173+0530[0;39m [39mDEBUG[0;39m [[36mtraceId: [0;39m] [[36msourceIp: [0;39m] [[36muserId: [0;39m] [[32mmain[0;39m] [33mc.z.h.HikariConfig[0;39m::[35m?[0;39m: - driverClassName................................"com.mysql.cj.jdbc.Driver"
[37m2023-06-06T16:25:07.174+0530[0;39m [39mDEBUG[0;39m [[36mtraceId: [0;39m] [[36msourceIp: [0;39m] [[36muserId: [0;39m] [[32mmain[0;39m] [33mc.z.h.HikariConfig[0;39m::[35m?[0;39m: - exceptionOverrideClassName................................none
[37m2023-06-06T16:25:07.174+0530[0;39m [39mDEBUG[0;39m [[36mtraceId: [0;39m] [[36msourceIp: [0;39m] [[36muserId: [0;39m] [[32mmain[0;39m] [33mc.z.h.HikariConfig[0;39m::[35m?[0;39m: - healthCheckProperties................................{}
[37m2023-06-06T16:25:07.174+0530[0;39m [39mDEBUG[0;39m [[36mtraceId: [0;39m] [[36msourceIp: [0;39m] [[36muserId: [0;39m] [[32mmain[0;39m] [33mc.z.h.HikariConfig[0;39m::[35m?[0;39m: - healthCheckRegistry................................none
[37m2023-06-06T16:25:07.174+0530[0;39m [39mDEBUG[0;39m [[36mtraceId: [0;39m] [[36msourceIp: [0;39m] [[36muserId: [0;39m] [[32mmain[0;39m] [33mc.z.h.HikariConfig[0;39m::[35m?[0;39m: - idleTimeout................................600000
[37m2023-06-06T16:25:07.174+0530[0;39m [39mDEBUG[0;39m [[36mtraceId: [0;39m] [[36msourceIp: [0;39m] [[36muserId: [0;39m] [[32mmain[0;39m] [33mc.z.h.HikariConfig[0;39m::[35m?[0;39m: - initializationFailTimeout................................1
[37m2023-06-06T16:25:07.175+0530[0;39m [39mDEBUG[0;39m [[36mtraceId: [0;39m] [[36msourceIp: [0;39m] [[36muserId: [0;39m] [[32mmain[0;39m] [33mc.z.h.HikariConfig[0;39m::[35m?[0;39m: - isolateInternalQueries................................false
[37m2023-06-06T16:25:07.175+0530[0;39m [39mDEBUG[0;39m [[36mtraceId: [0;39m] [[36msourceIp: [0;39m] [[36muserId: [0;39m] [[32mmain[0;39m] [33mc.z.h.HikariConfig[0;39m::[35m?[0;39m: - jdbcUrl................................jdbc:mysql://localhost:3306/electronic_store
[37m2023-06-06T16:25:07.175+0530[0;39m [39mDEBUG[0;39m [[36mtraceId: [0;39m] [[36msourceIp: [0;39m] [[36muserId: [0;39m] [[32mmain[0;39m] [33mc.z.h.HikariConfig[0;39m::[35m?[0;39m: - keepaliveTime................................0
[37m2023-06-06T16:25:07.175+0530[0;39m [39mDEBUG[0;39m [[36mtraceId: [0;39m] [[36msourceIp: [0;39m] [[36muserId: [0;39m] [[32mmain[0;39m] [33mc.z.h.HikariConfig[0;39m::[35m?[0;39m: - leakDetectionThreshold................................0
[37m2023-06-06T16:25:07.175+0530[0;39m [39mDEBUG[0;39m [[36mtraceId: [0;39m] [[36msourceIp: [0;39m] [[36muserId: [0;39m] [[32mmain[0;39m] [33mc.z.h.HikariConfig[0;39m::[35m?[0;39m: - maxLifetime................................1800000
[37m2023-06-06T16:25:07.176+0530[0;39m [39mDEBUG[0;39m [[36mtraceId: [0;39m] [[36msourceIp: [0;39m] [[36muserId: [0;39m] [[32mmain[0;39m] [33mc.z.h.HikariConfig[0;39m::[35m?[0;39m: - maximumPoolSize................................10
[37m2023-06-06T16:25:07.176+0530[0;39m [39mDEBUG[0;39m [[36mtraceId: [0;39m] [[36msourceIp: [0;39m] [[36muserId: [0;39m] [[32mmain[0;39m] [33mc.z.h.HikariConfig[0;39m::[35m?[0;39m: - metricRegistry................................none
[37m2023-06-06T16:25:07.176+0530[0;39m [39mDEBUG[0;39m [[36mtraceId: [0;39m] [[36msourceIp: [0;39m] [[36muserId: [0;39m] [[32mmain[0;39m] [33mc.z.h.HikariConfig[0;39m::[35m?[0;39m: - metricsTrackerFactory................................none
[37m2023-06-06T16:25:07.176+0530[0;39m [39mDEBUG[0;39m [[36mtraceId: [0;39m] [[36msourceIp: [0;39m] [[36muserId: [0;39m] [[32mmain[0;39m] [33mc.z.h.HikariConfig[0;39m::[35m?[0;39m: - minimumIdle................................10
[37m2023-06-06T16:25:07.176+0530[0;39m [39mDEBUG[0;39m [[36mtraceId: [0;39m] [[36msourceIp: [0;39m] [[36muserId: [0;39m] [[32mmain[0;39m] [33mc.z.h.HikariConfig[0;39m::[35m?[0;39m: - password................................<masked>
[37m2023-06-06T16:25:07.176+0530[0;39m [39mDEBUG[0;39m [[36mtraceId: [0;39m] [[36msourceIp: [0;39m] [[36muserId: [0;39m] [[32mmain[0;39m] [33mc.z.h.HikariConfig[0;39m::[35m?[0;39m: - poolName................................"HikariPool-1"
[37m2023-06-06T16:25:07.177+0530[0;39m [39mDEBUG[0;39m [[36mtraceId: [0;39m] [[36msourceIp: [0;39m] [[36muserId: [0;39m] [[32mmain[0;39m] [33mc.z.h.HikariConfig[0;39m::[35m?[0;39m: - readOnly................................false
[37m2023-06-06T16:25:07.177+0530[0;39m [39mDEBUG[0;39m [[36mtraceId: [0;39m] [[36msourceIp: [0;39m] [[36muserId: [0;39m] [[32mmain[0;39m] [33mc.z.h.HikariConfig[0;39m::[35m?[0;39m: - registerMbeans................................false
[37m2023-06-06T16:25:07.177+0530[0;39m [39mDEBUG[0;39m [[36mtraceId: [0;39m] [[36msourceIp: [0;39m] [[36muserId: [0;39m] [[32mmain[0;39m] [33mc.z.h.HikariConfig[0;39m::[35m?[0;39m: - scheduledExecutor................................none
[37m2023-06-06T16:25:07.177+0530[0;39m [39mDEBUG[0;39m [[36mtraceId: [0;39m] [[36msourceIp: [0;39m] [[36muserId: [0;39m] [[32mmain[0;39m] [33mc.z.h.HikariConfig[0;39m::[35m?[0;39m: - schema................................none
[37m2023-06-06T16:25:07.177+0530[0;39m [39mDEBUG[0;39m [[36mtraceId: [0;39m] [[36msourceIp: [0;39m] [[36muserId: [0;39m] [[32mmain[0;39m] [33mc.z.h.HikariConfig[0;39m::[35m?[0;39m: - threadFactory................................internal
[37m2023-06-06T16:25:07.177+0530[0;39m [39mDEBUG[0;39m [[36mtraceId: [0;39m] [[36msourceIp: [0;39m] [[36muserId: [0;39m] [[32mmain[0;39m] [33mc.z.h.HikariConfig[0;39m::[35m?[0;39m: - transactionIsolation................................default
[37m2023-06-06T16:25:07.178+0530[0;39m [39mDEBUG[0;39m [[36mtraceId: [0;39m] [[36msourceIp: [0;39m] [[36muserId: [0;39m] [[32mmain[0;39m] [33mc.z.h.HikariConfig[0;39m::[35m?[0;39m: - username................................"root"
[37m2023-06-06T16:25:07.178+0530[0;39m [39mDEBUG[0;39m [[36mtraceId: [0;39m] [[36msourceIp: [0;39m] [[36muserId: [0;39m] [[32mmain[0;39m] [33mc.z.h.HikariConfig[0;39m::[35m?[0;39m: - validationTimeout................................5000
[37m2023-06-06T16:25:07.178+0530[0;39m [34mINFO [0;39m [[36mtraceId: [0;39m] [[36msourceIp: [0;39m] [[36muserId: [0;39m] [[32mmain[0;39m] [33mc.z.h.HikariDataSource[0;39m::[35m?[0;39m: - HikariPool-1 - Starting...
[37m2023-06-06T16:25:08.452+0530[0;39m [39mDEBUG[0;39m [[36mtraceId: [0;39m] [[36msourceIp: [0;39m] [[36muserId: [0;39m] [[32mmain[0;39m] [33mc.z.h.p.HikariPool[0;39m::[35m?[0;39m: - HikariPool-1 - Added connection com.mysql.cj.jdbc.ConnectionImpl@197ce367
[37m2023-06-06T16:25:08.456+0530[0;39m [34mINFO [0;39m [[36mtraceId: [0;39m] [[36msourceIp: [0;39m] [[36muserId: [0;39m] [[32mmain[0;39m] [33mc.z.h.HikariDataSource[0;39m::[35m?[0;39m: - HikariPool-1 - Start completed.
[37m2023-06-06T16:25:08.501+0530[0;39m [34mINFO [0;39m [[36mtraceId: [0;39m] [[36msourceIp: [0;39m] [[36muserId: [0;39m] [[32mmain[0;39m] [33mo.h.dialect.Dialect[0;39m::[35m?[0;39m: - HHH000400: Using dialect: org.hibernate.dialect.MySQL8Dialect
[37m2023-06-06T16:25:08.557+0530[0;39m [39mDEBUG[0;39m [[36mtraceId: [0;39m] [[36msourceIp: [0;39m] [[36muserId: [0;39m] [[32mHikariPool-1 housekeeper[0;39m] [33mc.z.h.p.HikariPool[0;39m::[35m?[0;39m: - HikariPool-1 - Pool stats (total=1, active=1, idle=0, waiting=0)
[37m2023-06-06T16:25:08.635+0530[0;39m [39mDEBUG[0;39m [[36mtraceId: [0;39m] [[36msourceIp: [0;39m] [[36muserId: [0;39m] [[32mHikariPool-1 connection adder[0;39m] [33mc.z.h.p.HikariPool[0;39m::[35m?[0;39m: - HikariPool-1 - Added connection com.mysql.cj.jdbc.ConnectionImpl@7c609f5b
[37m2023-06-06T16:25:08.745+0530[0;39m [39mDEBUG[0;39m [[36mtraceId: [0;39m] [[36msourceIp: [0;39m] [[36muserId: [0;39m] [[32mHikariPool-1 connection adder[0;39m] [33mc.z.h.p.HikariPool[0;39m::[35m?[0;39m: - HikariPool-1 - Added connection com.mysql.cj.jdbc.ConnectionImpl@1c4f6014
[37m2023-06-06T16:25:08.836+0530[0;39m [39mDEBUG[0;39m [[36mtraceId: [0;39m] [[36msourceIp: [0;39m] [[36muserId: [0;39m] [[32mHikariPool-1 connection adder[0;39m] [33mc.z.h.p.HikariPool[0;39m::[35m?[0;39m: - HikariPool-1 - Added connection com.mysql.cj.jdbc.ConnectionImpl@7681eecf
[37m2023-06-06T16:25:08.905+0530[0;39m [39mDEBUG[0;39m [[36mtraceId: [0;39m] [[36msourceIp: [0;39m] [[36muserId: [0;39m] [[32mHikariPool-1 connection adder[0;39m] [33mc.z.h.p.HikariPool[0;39m::[35m?[0;39m: - HikariPool-1 - Added connection com.mysql.cj.jdbc.ConnectionImpl@180198ea
[37m2023-06-06T16:25:09.007+0530[0;39m [39mDEBUG[0;39m [[36mtraceId: [0;39m] [[36msourceIp: [0;39m] [[36muserId: [0;39m] [[32mHikariPool-1 connection adder[0;39m] [33mc.z.h.p.HikariPool[0;39m::[35m?[0;39m: - HikariPool-1 - Added connection com.mysql.cj.jdbc.ConnectionImpl@2c08126b
[37m2023-06-06T16:25:09.092+0530[0;39m [39mDEBUG[0;39m [[36mtraceId: [0;39m] [[36msourceIp: [0;39m] [[36muserId: [0;39m] [[32mHikariPool-1 connection adder[0;39m] [33mc.z.h.p.HikariPool[0;39m::[35m?[0;39m: - HikariPool-1 - Added connection com.mysql.cj.jdbc.ConnectionImpl@f82b539
[37m2023-06-06T16:25:09.146+0530[0;39m [39mDEBUG[0;39m [[36mtraceId: [0;39m] [[36msourceIp: [0;39m] [[36muserId: [0;39m] [[32mHikariPool-1 connection adder[0;39m] [33mc.z.h.p.HikariPool[0;39m::[35m?[0;39m: - HikariPool-1 - Added connection com.mysql.cj.jdbc.ConnectionImpl@5594b36
[37m2023-06-06T16:25:09.202+0530[0;39m [39mDEBUG[0;39m [[36mtraceId: [0;39m] [[36msourceIp: [0;39m] [[36muserId: [0;39m] [[32mHikariPool-1 connection adder[0;39m] [33mc.z.h.p.HikariPool[0;39m::[35m?[0;39m: - HikariPool-1 - Added connection com.mysql.cj.jdbc.ConnectionImpl@1e52de2
[37m2023-06-06T16:25:09.275+0530[0;39m [39mDEBUG[0;39m [[36mtraceId: [0;39m] [[36msourceIp: [0;39m] [[36muserId: [0;39m] [[32mHikariPool-1 connection adder[0;39m] [33mc.z.h.p.HikariPool[0;39m::[35m?[0;39m: - HikariPool-1 - Added connection com.mysql.cj.jdbc.ConnectionImpl@53a0c53b
[37m2023-06-06T16:25:09.275+0530[0;39m [39mDEBUG[0;39m [[36mtraceId: [0;39m] [[36msourceIp: [0;39m] [[36muserId: [0;39m] [[32mHikariPool-1 connection adder[0;39m] [33mc.z.h.p.HikariPool[0;39m::[35m?[0;39m: - HikariPool-1 - After adding stats (total=10, active=0, idle=10, waiting=0)
[37m2023-06-06T16:25:10.690+0530[0;39m [34mINFO [0;39m [[36mtraceId: [0;39m] [[36msourceIp: [0;39m] [[36muserId: [0;39m] [[32mmain[0;39m] [33mo.h.e.t.j.p.i.JtaPlatformInitiator[0;39m::[35m?[0;39m: - HHH000490: Using JtaPlatform implementation: [org.hibernate.engine.transaction.jta.platform.internal.NoJtaPlatform]
[37m2023-06-06T16:25:10.721+0530[0;39m [34mINFO [0;39m [[36mtraceId: [0;39m] [[36msourceIp: [0;39m] [[36muserId: [0;39m] [[32mmain[0;39m] [33mo.s.o.j.LocalContainerEntityManagerFactoryBean[0;39m::[35m?[0;39m: - Initialized JPA EntityManagerFactory for persistence unit 'default'
[37m2023-06-06T16:25:12.415+0530[0;39m [31mWARN [0;39m [[36mtraceId: [0;39m] [[36msourceIp: [0;39m] [[36muserId: [0;39m] [[32mmain[0;39m] [33mo.s.b.a.o.j.JpaBaseConfiguration$JpaWebConfiguration[0;39m::[35m?[0;39m: - spring.jpa.open-in-view is enabled by default. Therefore, database queries may be performed during view rendering. Explicitly configure spring.jpa.open-in-view to disable this warning
[37m2023-06-06T16:25:13.291+0530[0;39m [34mINFO [0;39m [[36mtraceId: [0;39m] [[36msourceIp: [0;39m] [[36muserId: [0;39m] [[32mmain[0;39m] [33mo.a.c.h.Http11NioProtocol[0;39m::[35m?[0;39m: - Starting ProtocolHandler ["http-nio-9696"]
[37m2023-06-06T16:25:13.362+0530[0;39m [34mINFO [0;39m [[36mtraceId: [0;39m] [[36msourceIp: [0;39m] [[36muserId: [0;39m] [[32mmain[0;39m] [33mo.s.b.w.e.t.TomcatWebServer[0;39m::[35m?[0;39m: - Tomcat started on port(s): 9696 (http) with context path ''
[37m2023-06-06T16:25:13.392+0530[0;39m [34mINFO [0;39m [[36mtraceId: [0;39m] [[36msourceIp: [0;39m] [[36muserId: [0;39m] [[32mmain[0;39m] [33mc.l.e.s.ElectronicStoreApplication[0;39m::[35m?[0;39m: - Started ElectronicStoreApplication in 14.544 seconds (JVM running for 16.477)
[37m2023-06-06T16:25:38.573+0530[0;39m [39mDEBUG[0;39m [[36mtraceId: [0;39m] [[36msourceIp: [0;39m] [[36muserId: [0;39m] [[32mHikariPool-1 housekeeper[0;39m] [33mc.z.h.p.HikariPool[0;39m::[35m?[0;39m: - HikariPool-1 - Pool stats (total=10, active=0, idle=10, waiting=0)
[37m2023-06-06T16:25:38.573+0530[0;39m [39mDEBUG[0;39m [[36mtraceId: [0;39m] [[36msourceIp: [0;39m] [[36muserId: [0;39m] [[32mHikariPool-1 housekeeper[0;39m] [33mc.z.h.p.HikariPool[0;39m::[35m?[0;39m: - HikariPool-1 - Fill pool skipped, pool is at sufficient level.
[37m2023-06-06T16:26:08.583+0530[0;39m [39mDEBUG[0;39m [[36mtraceId: [0;39m] [[36msourceIp: [0;39m] [[36muserId: [0;39m] [[32mHikariPool-1 housekeeper[0;39m] [33mc.z.h.p.HikariPool[0;39m::[35m?[0;39m: - HikariPool-1 - Pool stats (total=10, active=0, idle=10, waiting=0)
[37m2023-06-06T16:26:08.585+0530[0;39m [39mDEBUG[0;39m [[36mtraceId: [0;39m] [[36msourceIp: [0;39m] [[36muserId: [0;39m] [[32mHikariPool-1 housekeeper[0;39m] [33mc.z.h.p.HikariPool[0;39m::[35m?[0;39m: - HikariPool-1 - Fill pool skipped, pool is at sufficient level.
[37m2023-06-06T16:26:38.587+0530[0;39m [39mDEBUG[0;39m [[36mtraceId: [0;39m] [[36msourceIp: [0;39m] [[36muserId: [0;39m] [[32mHikariPool-1 housekeeper[0;39m] [33mc.z.h.p.HikariPool[0;39m::[35m?[0;39m: - HikariPool-1 - Pool stats (total=10, active=0, idle=10, waiting=0)
[37m2023-06-06T16:26:38.589+0530[0;39m [39mDEBUG[0;39m [[36mtraceId: [0;39m] [[36msourceIp: [0;39m] [[36muserId: [0;39m] [[32mHikariPool-1 housekeeper[0;39m] [33mc.z.h.p.HikariPool[0;39m::[35m?[0;39m: - HikariPool-1 - Fill pool skipped, pool is at sufficient level.
[37m2023-06-06T16:27:08.604+0530[0;39m [39mDEBUG[0;39m [[36mtraceId: [0;39m] [[36msourceIp: [0;39m] [[36muserId: [0;39m] [[32mHikariPool-1 housekeeper[0;39m] [33mc.z.h.p.HikariPool[0;39m::[35m?[0;39m: - HikariPool-1 - Pool stats (total=10, active=0, idle=10, waiting=0)
[37m2023-06-06T16:27:08.605+0530[0;39m [39mDEBUG[0;39m [[36mtraceId: [0;39m] [[36msourceIp: [0;39m] [[36muserId: [0;39m] [[32mHikariPool-1 housekeeper[0;39m] [33mc.z.h.p.HikariPool[0;39m::[35m?[0;39m: - HikariPool-1 - Fill pool skipped, pool is at sufficient level.
[37m2023-06-06T16:27:10.864+0530[0;39m [34mINFO [0;39m [[36mtraceId: [0;39m] [[36msourceIp: [0;39m] [[36muserId: [0;39m] [[32mhttp-nio-9696-exec-1[0;39m] [33mo.a.c.c.C.[.[.[/][0;39m::[35m?[0;39m: - Initializing Spring DispatcherServlet 'dispatcherServlet'
[37m2023-06-06T16:27:10.864+0530[0;39m [34mINFO [0;39m [[36mtraceId: [0;39m] [[36msourceIp: [0;39m] [[36muserId: [0;39m] [[32mhttp-nio-9696-exec-1[0;39m] [33mo.s.w.s.DispatcherServlet[0;39m::[35m?[0;39m: - Initializing Servlet 'dispatcherServlet'
[37m2023-06-06T16:27:10.868+0530[0;39m [34mINFO [0;39m [[36mtraceId: [0;39m] [[36msourceIp: [0;39m] [[36muserId: [0;39m] [[32mhttp-nio-9696-exec-1[0;39m] [33mo.s.w.s.DispatcherServlet[0;39m::[35m?[0;39m: - Completed initialization in 4 ms
[37m2023-06-06T16:27:10.945+0530[0;39m [34mINFO [0;39m [[36mtraceId: [0;39m] [[36msourceIp: [0;39m] [[36muserId: [0;39m] [[32mhttp-nio-9696-exec-1[0;39m] [33mc.l.e.s.c.UserController[0;39m::[35m?[0;39m: - Initiated request to get all User details
[37m2023-06-06T16:27:10.955+0530[0;39m [34mINFO [0;39m [[36mtraceId: [0;39m] [[36msourceIp: [0;39m] [[36muserId: [0;39m] [[32mhttp-nio-9696-exec-1[0;39m] [33mc.l.e.s.s.i.UserServiceImpl[0;39m::[35m?[0;39m: - Initiated dao call to get all user details
[37m2023-06-06T16:27:11.592+0530[0;39m [34mINFO [0;39m [[36mtraceId: [0;39m] [[36msourceIp: [0;39m] [[36muserId: [0;39m] [[32mhttp-nio-9696-exec-1[0;39m] [33mc.l.e.s.s.i.UserServiceImpl[0;39m::[35m?[0;39m: - Completed dao call to get all user details
[37m2023-06-06T16:27:38.609+0530[0;39m [39mDEBUG[0;39m [[36mtraceId: [0;39m] [[36msourceIp: [0;39m] [[36muserId: [0;39m] [[32mHikariPool-1 housekeeper[0;39m] [33mc.z.h.p.HikariPool[0;39m::[35m?[0;39m: - HikariPool-1 - Pool stats (total=10, active=0, idle=10, waiting=0)
[37m2023-06-06T16:27:38.609+0530[0;39m [39mDEBUG[0;39m [[36mtraceId: [0;39m] [[36msourceIp: [0;39m] [[36muserId: [0;39m] [[32mHikariPool-1 housekeeper[0;39m] [33mc.z.h.p.HikariPool[0;39m::[35m?[0;39m: - HikariPool-1 - Fill pool skipped, pool is at sufficient level.
[37m2023-06-06T16:28:08.622+0530[0;39m [39mDEBUG[0;39m [[36mtraceId: [0;39m] [[36msourceIp: [0;39m] [[36muserId: [0;39m] [[32mHikariPool-1 housekeeper[0;39m] [33mc.z.h.p.HikariPool[0;39m::[35m?[0;39m: - HikariPool-1 - Pool stats (total=10, active=0, idle=10, waiting=0)
[37m2023-06-06T16:28:08.623+0530[0;39m [39mDEBUG[0;39m [[36mtraceId: [0;39m] [[36msourceIp: [0;39m] [[36muserId: [0;39m] [[32mHikariPool-1 housekeeper[0;39m] [33mc.z.h.p.HikariPool[0;39m::[35m?[0;39m: - HikariPool-1 - Fill pool skipped, pool is at sufficient level.
[37m2023-06-06T16:28:38.639+0530[0;39m [39mDEBUG[0;39m [[36mtraceId: [0;39m] [[36msourceIp: [0;39m] [[36muserId: [0;39m] [[32mHikariPool-1 housekeeper[0;39m] [33mc.z.h.p.HikariPool[0;39m::[35m?[0;39m: - HikariPool-1 - Pool stats (total=10, active=0, idle=10, waiting=0)
[37m2023-06-06T16:28:38.640+0530[0;39m [39mDEBUG[0;39m [[36mtraceId: [0;39m] [[36msourceIp: [0;39m] [[36muserId: [0;39m] [[32mHikariPool-1 housekeeper[0;39m] [33mc.z.h.p.HikariPool[0;39m::[35m?[0;39m: - HikariPool-1 - Fill pool skipped, pool is at sufficient level.
[37m2023-06-06T16:29:08.643+0530[0;39m [39mDEBUG[0;39m [[36mtraceId: [0;39m] [[36msourceIp: [0;39m] [[36muserId: [0;39m] [[32mHikariPool-1 housekeeper[0;39m] [33mc.z.h.p.HikariPool[0;39m::[35m?[0;39m: - HikariPool-1 - Pool stats (total=10, active=0, idle=10, waiting=0)
[37m2023-06-06T16:29:08.645+0530[0;39m [39mDEBUG[0;39m [[36mtraceId: [0;39m] [[36msourceIp: [0;39m] [[36muserId: [0;39m] [[32mHikariPool-1 housekeeper[0;39m] [33mc.z.h.p.HikariPool[0;39m::[35m?[0;39m: - HikariPool-1 - Fill pool skipped, pool is at sufficient level.
[37m2023-06-06T16:29:38.656+0530[0;39m [39mDEBUG[0;39m [[36mtraceId: [0;39m] [[36msourceIp: [0;39m] [[36muserId: [0;39m] [[32mHikariPool-1 housekeeper[0;39m] [33mc.z.h.p.HikariPool[0;39m::[35m?[0;39m: - HikariPool-1 - Pool stats (total=10, active=0, idle=10, waiting=0)
[37m2023-06-06T16:29:38.656+0530[0;39m [39mDEBUG[0;39m [[36mtraceId: [0;39m] [[36msourceIp: [0;39m] [[36muserId: [0;39m] [[32mHikariPool-1 housekeeper[0;39m] [33mc.z.h.p.HikariPool[0;39m::[35m?[0;39m: - HikariPool-1 - Fill pool skipped, pool is at sufficient level.
[37m2023-06-06T16:30:08.659+0530[0;39m [39mDEBUG[0;39m [[36mtraceId: [0;39m] [[36msourceIp: [0;39m] [[36muserId: [0;39m] [[32mHikariPool-1 housekeeper[0;39m] [33mc.z.h.p.HikariPool[0;39m::[35m?[0;39m: - HikariPool-1 - Pool stats (total=10, active=0, idle=10, waiting=0)
[37m2023-06-06T16:30:08.660+0530[0;39m [39mDEBUG[0;39m [[36mtraceId: [0;39m] [[36msourceIp: [0;39m] [[36muserId: [0;39m] [[32mHikariPool-1 housekeeper[0;39m] [33mc.z.h.p.HikariPool[0;39m::[35m?[0;39m: - HikariPool-1 - Fill pool skipped, pool is at sufficient level.
[37m2023-06-06T16:30:38.669+0530[0;39m [39mDEBUG[0;39m [[36mtraceId: [0;39m] [[36msourceIp: [0;39m] [[36muserId: [0;39m] [[32mHikariPool-1 housekeeper[0;39m] [33mc.z.h.p.HikariPool[0;39m::[35m?[0;39m: - HikariPool-1 - Pool stats (total=10, active=0, idle=10, waiting=0)
[37m2023-06-06T16:30:38.670+0530[0;39m [39mDEBUG[0;39m [[36mtraceId: [0;39m] [[36msourceIp: [0;39m] [[36muserId: [0;39m] [[32mHikariPool-1 housekeeper[0;39m] [33mc.z.h.p.HikariPool[0;39m::[35m?[0;39m: - HikariPool-1 - Fill pool skipped, pool is at sufficient level.
[37m2023-06-06T16:31:08.680+0530[0;39m [39mDEBUG[0;39m [[36mtraceId: [0;39m] [[36msourceIp: [0;39m] [[36muserId: [0;39m] [[32mHikariPool-1 housekeeper[0;39m] [33mc.z.h.p.HikariPool[0;39m::[35m?[0;39m: - HikariPool-1 - Pool stats (total=10, active=0, idle=10, waiting=0)
[37m2023-06-06T16:31:08.681+0530[0;39m [39mDEBUG[0;39m [[36mtraceId: [0;39m] [[36msourceIp: [0;39m] [[36muserId: [0;39m] [[32mHikariPool-1 housekeeper[0;39m] [33mc.z.h.p.HikariPool[0;39m::[35m?[0;39m: - HikariPool-1 - Fill pool skipped, pool is at sufficient level.
[37m2023-06-06T16:31:38.698+0530[0;39m [39mDEBUG[0;39m [[36mtraceId: [0;39m] [[36msourceIp: [0;39m] [[36muserId: [0;39m] [[32mHikariPool-1 housekeeper[0;39m] [33mc.z.h.p.HikariPool[0;39m::[35m?[0;39m: - HikariPool-1 - Pool stats (total=10, active=0, idle=10, waiting=0)
[37m2023-06-06T16:31:38.698+0530[0;39m [39mDEBUG[0;39m [[36mtraceId: [0;39m] [[36msourceIp: [0;39m] [[36muserId: [0;39m] [[32mHikariPool-1 housekeeper[0;39m] [33mc.z.h.p.HikariPool[0;39m::[35m?[0;39m: - HikariPool-1 - Fill pool skipped, pool is at sufficient level.
[37m2023-06-06T16:32:08.712+0530[0;39m [39mDEBUG[0;39m [[36mtraceId: [0;39m] [[36msourceIp: [0;39m] [[36muserId: [0;39m] [[32mHikariPool-1 housekeeper[0;39m] [33mc.z.h.p.HikariPool[0;39m::[35m?[0;39m: - HikariPool-1 - Pool stats (total=10, active=0, idle=10, waiting=0)
[37m2023-06-06T16:32:08.713+0530[0;39m [39mDEBUG[0;39m [[36mtraceId: [0;39m] [[36msourceIp: [0;39m] [[36muserId: [0;39m] [[32mHikariPool-1 housekeeper[0;39m] [33mc.z.h.p.HikariPool[0;39m::[35m?[0;39m: - HikariPool-1 - Fill pool skipped, pool is at sufficient level.
[37m2023-06-06T16:32:38.720+0530[0;39m [39mDEBUG[0;39m [[36mtraceId: [0;39m] [[36msourceIp: [0;39m] [[36muserId: [0;39m] [[32mHikariPool-1 housekeeper[0;39m] [33mc.z.h.p.HikariPool[0;39m::[35m?[0;39m: - HikariPool-1 - Pool stats (total=10, active=0, idle=10, waiting=0)
[37m2023-06-06T16:32:38.722+0530[0;39m [39mDEBUG[0;39m [[36mtraceId: [0;39m] [[36msourceIp: [0;39m] [[36muserId: [0;39m] [[32mHikariPool-1 housekeeper[0;39m] [33mc.z.h.p.HikariPool[0;39m::[35m?[0;39m: - HikariPool-1 - Fill pool skipped, pool is at sufficient level.
[37m2023-06-06T16:33:08.737+0530[0;39m [39mDEBUG[0;39m [[36mtraceId: [0;39m] [[36msourceIp: [0;39m] [[36muserId: [0;39m] [[32mHikariPool-1 housekeeper[0;39m] [33mc.z.h.p.HikariPool[0;39m::[35m?[0;39m: - HikariPool-1 - Pool stats (total=10, active=0, idle=10, waiting=0)
[37m2023-06-06T16:33:08.737+0530[0;39m [39mDEBUG[0;39m [[36mtraceId: [0;39m] [[36msourceIp: [0;39m] [[36muserId: [0;39m] [[32mHikariPool-1 housekeeper[0;39m] [33mc.z.h.p.HikariPool[0;39m::[35m?[0;39m: - HikariPool-1 - Fill pool skipped, pool is at sufficient level.
[37m2023-06-06T16:33:38.744+0530[0;39m [39mDEBUG[0;39m [[36mtraceId: [0;39m] [[36msourceIp: [0;39m] [[36muserId: [0;39m] [[32mHikariPool-1 housekeeper[0;39m] [33mc.z.h.p.HikariPool[0;39m::[35m?[0;39m: - HikariPool-1 - Pool stats (total=10, active=0, idle=10, waiting=0)
[37m2023-06-06T16:33:38.745+0530[0;39m [39mDEBUG[0;39m [[36mtraceId: [0;39m] [[36msourceIp: [0;39m] [[36muserId: [0;39m] [[32mHikariPool-1 housekeeper[0;39m] [33mc.z.h.p.HikariPool[0;39m::[35m?[0;39m: - HikariPool-1 - Fill pool skipped, pool is at sufficient level.
[37m2023-06-06T16:34:08.750+0530[0;39m [39mDEBUG[0;39m [[36mtraceId: [0;39m] [[36msourceIp: [0;39m] [[36muserId: [0;39m] [[32mHikariPool-1 housekeeper[0;39m] [33mc.z.h.p.HikariPool[0;39m::[35m?[0;39m: - HikariPool-1 - Pool stats (total=10, active=0, idle=10, waiting=0)
[37m2023-06-06T16:34:08.752+0530[0;39m [39mDEBUG[0;39m [[36mtraceId: [0;39m] [[36msourceIp: [0;39m] [[36muserId: [0;39m] [[32mHikariPool-1 housekeeper[0;39m] [33mc.z.h.p.HikariPool[0;39m::[35m?[0;39m: - HikariPool-1 - Fill pool skipped, pool is at sufficient level.
[37m2023-06-06T16:34:38.755+0530[0;39m [39mDEBUG[0;39m [[36mtraceId: [0;39m] [[36msourceIp: [0;39m] [[36muserId: [0;39m] [[32mHikariPool-1 housekeeper[0;39m] [33mc.z.h.p.HikariPool[0;39m::[35m?[0;39m: - HikariPool-1 - Pool stats (total=10, active=0, idle=10, waiting=0)
[37m2023-06-06T16:34:38.757+0530[0;39m [39mDEBUG[0;39m [[36mtraceId: [0;39m] [[36msourceIp: [0;39m] [[36muserId: [0;39m] [[32mHikariPool-1 housekeeper[0;39m] [33mc.z.h.p.HikariPool[0;39m::[35m?[0;39m: - HikariPool-1 - Fill pool skipped, pool is at sufficient level.
[37m2023-06-06T16:35:08.759+0530[0;39m [39mDEBUG[0;39m [[36mtraceId: [0;39m] [[36msourceIp: [0;39m] [[36muserId: [0;39m] [[32mHikariPool-1 housekeeper[0;39m] [33mc.z.h.p.HikariPool[0;39m::[35m?[0;39m: - HikariPool-1 - Pool stats (total=10, active=0, idle=10, waiting=0)
[37m2023-06-06T16:35:08.759+0530[0;39m [39mDEBUG[0;39m [[36mtraceId: [0;39m] [[36msourceIp: [0;39m] [[36muserId: [0;39m] [[32mHikariPool-1 housekeeper[0;39m] [33mc.z.h.p.HikariPool[0;39m::[35m?[0;39m: - HikariPool-1 - Fill pool skipped, pool is at sufficient level.
[37m2023-06-06T16:35:38.760+0530[0;39m [39mDEBUG[0;39m [[36mtraceId: [0;39m] [[36msourceIp: [0;39m] [[36muserId: [0;39m] [[32mHikariPool-1 housekeeper[0;39m] [33mc.z.h.p.HikariPool[0;39m::[35m?[0;39m: - HikariPool-1 - Pool stats (total=10, active=0, idle=10, waiting=0)
[37m2023-06-06T16:35:38.761+0530[0;39m [39mDEBUG[0;39m [[36mtraceId: [0;39m] [[36msourceIp: [0;39m] [[36muserId: [0;39m] [[32mHikariPool-1 housekeeper[0;39m] [33mc.z.h.p.HikariPool[0;39m::[35m?[0;39m: - HikariPool-1 - Fill pool skipped, pool is at sufficient level.
[37m2023-06-06T16:36:08.767+0530[0;39m [39mDEBUG[0;39m [[36mtraceId: [0;39m] [[36msourceIp: [0;39m] [[36muserId: [0;39m] [[32mHikariPool-1 housekeeper[0;39m] [33mc.z.h.p.HikariPool[0;39m::[35m?[0;39m: - HikariPool-1 - Pool stats (total=10, active=0, idle=10, waiting=0)
[37m2023-06-06T16:36:08.768+0530[0;39m [39mDEBUG[0;39m [[36mtraceId: [0;39m] [[36msourceIp: [0;39m] [[36muserId: [0;39m] [[32mHikariPool-1 housekeeper[0;39m] [33mc.z.h.p.HikariPool[0;39m::[35m?[0;39m: - HikariPool-1 - Fill pool skipped, pool is at sufficient level.
[37m2023-06-06T16:36:38.781+0530[0;39m [39mDEBUG[0;39m [[36mtraceId: [0;39m] [[36msourceIp: [0;39m] [[36muserId: [0;39m] [[32mHikariPool-1 housekeeper[0;39m] [33mc.z.h.p.HikariPool[0;39m::[35m?[0;39m: - HikariPool-1 - Pool stats (total=10, active=0, idle=10, waiting=0)
[37m2023-06-06T16:36:38.782+0530[0;39m [39mDEBUG[0;39m [[36mtraceId: [0;39m] [[36msourceIp: [0;39m] [[36muserId: [0;39m] [[32mHikariPool-1 housekeeper[0;39m] [33mc.z.h.p.HikariPool[0;39m::[35m?[0;39m: - HikariPool-1 - Fill pool skipped, pool is at sufficient level.
[37m2023-06-06T16:37:08.794+0530[0;39m [39mDEBUG[0;39m [[36mtraceId: [0;39m] [[36msourceIp: [0;39m] [[36muserId: [0;39m] [[32mHikariPool-1 housekeeper[0;39m] [33mc.z.h.p.HikariPool[0;39m::[35m?[0;39m: - HikariPool-1 - Pool stats (total=10, active=0, idle=10, waiting=0)
[37m2023-06-06T16:37:08.795+0530[0;39m [39mDEBUG[0;39m [[36mtraceId: [0;39m] [[36msourceIp: [0;39m] [[36muserId: [0;39m] [[32mHikariPool-1 housekeeper[0;39m] [33mc.z.h.p.HikariPool[0;39m::[35m?[0;39m: - HikariPool-1 - Fill pool skipped, pool is at sufficient level.
[37m2023-06-06T16:37:38.798+0530[0;39m [39mDEBUG[0;39m [[36mtraceId: [0;39m] [[36msourceIp: [0;39m] [[36muserId: [0;39m] [[32mHikariPool-1 housekeeper[0;39m] [33mc.z.h.p.HikariPool[0;39m::[35m?[0;39m: - HikariPool-1 - Pool stats (total=10, active=0, idle=10, waiting=0)
[37m2023-06-06T16:37:38.798+0530[0;39m [39mDEBUG[0;39m [[36mtraceId: [0;39m] [[36msourceIp: [0;39m] [[36muserId: [0;39m] [[32mHikariPool-1 housekeeper[0;39m] [33mc.z.h.p.HikariPool[0;39m::[35m?[0;39m: - HikariPool-1 - Fill pool skipped, pool is at sufficient level.
[37m2023-06-06T16:38:08.799+0530[0;39m [39mDEBUG[0;39m [[36mtraceId: [0;39m] [[36msourceIp: [0;39m] [[36muserId: [0;39m] [[32mHikariPool-1 housekeeper[0;39m] [33mc.z.h.p.HikariPool[0;39m::[35m?[0;39m: - HikariPool-1 - Pool stats (total=10, active=0, idle=10, waiting=0)
[37m2023-06-06T16:38:08.801+0530[0;39m [39mDEBUG[0;39m [[36mtraceId: [0;39m] [[36msourceIp: [0;39m] [[36muserId: [0;39m] [[32mHikariPool-1 housekeeper[0;39m] [33mc.z.h.p.HikariPool[0;39m::[35m?[0;39m: - HikariPool-1 - Fill pool skipped, pool is at sufficient level.
[37m2023-06-06T16:38:38.810+0530[0;39m [39mDEBUG[0;39m [[36mtraceId: [0;39m] [[36msourceIp: [0;39m] [[36muserId: [0;39m] [[32mHikariPool-1 housekeeper[0;39m] [33mc.z.h.p.HikariPool[0;39m::[35m?[0;39m: - HikariPool-1 - Pool stats (total=10, active=0, idle=10, waiting=0)
[37m2023-06-06T16:38:38.810+0530[0;39m [39mDEBUG[0;39m [[36mtraceId: [0;39m] [[36msourceIp: [0;39m] [[36muserId: [0;39m] [[32mHikariPool-1 housekeeper[0;39m] [33mc.z.h.p.HikariPool[0;39m::[35m?[0;39m: - HikariPool-1 - Fill pool skipped, pool is at sufficient level.
[37m2023-06-06T16:39:08.820+0530[0;39m [39mDEBUG[0;39m [[36mtraceId: [0;39m] [[36msourceIp: [0;39m] [[36muserId: [0;39m] [[32mHikariPool-1 housekeeper[0;39m] [33mc.z.h.p.HikariPool[0;39m::[35m?[0;39m: - HikariPool-1 - Pool stats (total=10, active=0, idle=10, waiting=0)
[37m2023-06-06T16:39:08.820+0530[0;39m [39mDEBUG[0;39m [[36mtraceId: [0;39m] [[36msourceIp: [0;39m] [[36muserId: [0;39m] [[32mHikariPool-1 housekeeper[0;39m] [33mc.z.h.p.HikariPool[0;39m::[35m?[0;39m: - HikariPool-1 - Fill pool skipped, pool is at sufficient level.
